

*******************************************************************************
Wed Sep 15 10:06:58 2010


FIT:    data read from '3.tab' u 1:2
        format = x:z
	y range restricted to [0.00280000 : 0.0168000]
        #datapoints = 1401
        residuals are weighted equally (unit weight)

function used for fitting: f(x)
fitted parameters initialized with current variable values



 Iteration 0
 WSSR        : 6055.94           delta(WSSR)/WSSR   : 0
 delta(WSSR) : 0                 limit for stopping : 1e-05
 lambda	  : 0.707147

initial set of free parameter values

a               = 1
b               = 1

After 5 iterations the fit converged.
final sum of squares of residuals : 0.242951
rel. change during last iteration : -7.38471e-13

degrees of freedom    (FIT_NDF)                        : 1399
rms of residuals      (FIT_STDFIT) = sqrt(WSSR/ndf)    : 0.013178
variance of residuals (reduced chisquare) = WSSR/ndf   : 0.00017366

Final set of parameters            Asymptotic Standard Error
=======================            ==========================

a               = 344.282          +/- 0.08705      (0.02529%)
b               = -0.816623        +/- 0.0009229    (0.113%)


correlation matrix of the fit parameters:

               a      b      
a               1.000 
b              -0.924  1.000 


*******************************************************************************
Wed Sep 15 10:06:58 2010


FIT:    data read from '3.tab' u 1:3
        format = x:z
	y range restricted to [0.00280000 : 0.0168000]
        #datapoints = 1401
        residuals are weighted equally (unit weight)

function used for fitting: s(x)
fitted parameters initialized with current variable values



 Iteration 0
 WSSR        : 2179.54           delta(WSSR)/WSSR   : 0
 delta(WSSR) : 0                 limit for stopping : 1e-05
 lambda	  : 0.707119

initial set of free parameter values

sin_off         = 1
sin_amp         = 1
sin_fr          = 467
sin_ph          = 1

After 6 iterations the fit converged.
final sum of squares of residuals : 2.69378e-05
rel. change during last iteration : -2.33187e-07

degrees of freedom    (FIT_NDF)                        : 1397
rms of residuals      (FIT_STDFIT) = sqrt(WSSR/ndf)    : 0.000138862
variance of residuals (reduced chisquare) = WSSR/ndf   : 1.92826e-08

Final set of parameters            Asymptotic Standard Error
=======================            ==========================

sin_off         = 0.00196544       +/- 3.718e-06    (0.1892%)
sin_amp         = -0.0146372       +/- 5.496e-06    (0.03755%)
sin_fr          = 467.366          +/- 0.08143      (0.01742%)
sin_ph          = 1.64175          +/- 0.0008642    (0.05264%)


correlation matrix of the fit parameters:

               sin_of sin_am sin_fr sin_ph 
sin_off         1.000 
sin_amp        -0.011  1.000 
sin_fr          0.036 -0.226  1.000 
sin_ph         -0.056  0.204 -0.913  1.000 
