

*******************************************************************************
Wed Sep 15 10:08:13 2010


FIT:    data read from '5.tab' u 1:2
        format = x:z
	y range restricted to [0.00280000 : 0.0168000]
        #datapoints = 1401
        residuals are weighted equally (unit weight)

function used for fitting: f(x)
fitted parameters initialized with current variable values



 Iteration 0
 WSSR        : 5977.68           delta(WSSR)/WSSR   : 0
 delta(WSSR) : 0                 limit for stopping : 1e-05
 lambda	  : 0.707147

initial set of free parameter values

a               = 1
b               = 1

After 5 iterations the fit converged.
final sum of squares of residuals : 0.234705
rel. change during last iteration : -7.61694e-13

degrees of freedom    (FIT_NDF)                        : 1399
rms of residuals      (FIT_STDFIT) = sqrt(WSSR/ndf)    : 0.0129525
variance of residuals (reduced chisquare) = WSSR/ndf   : 0.000167766

Final set of parameters            Asymptotic Standard Error
=======================            ==========================

a               = 344.323          +/- 0.08556      (0.02485%)
b               = -0.835318        +/- 0.0009071    (0.1086%)


correlation matrix of the fit parameters:

               a      b      
a               1.000 
b              -0.924  1.000 


*******************************************************************************
Wed Sep 15 10:08:13 2010


FIT:    data read from '5.tab' u 1:3
        format = x:z
	y range restricted to [0.00280000 : 0.0168000]
        #datapoints = 1401
        residuals are weighted equally (unit weight)

function used for fitting: s(x)
fitted parameters initialized with current variable values



 Iteration 0
 WSSR        : 2179.38           delta(WSSR)/WSSR   : 0
 delta(WSSR) : 0                 limit for stopping : 1e-05
 lambda	  : 0.707119

initial set of free parameter values

sin_off         = 1
sin_amp         = 1
sin_fr          = 467
sin_ph          = 1

After 6 iterations the fit converged.
final sum of squares of residuals : 2.57146e-05
rel. change during last iteration : -4.18815e-07

degrees of freedom    (FIT_NDF)                        : 1397
rms of residuals      (FIT_STDFIT) = sqrt(WSSR/ndf)    : 0.000135672
variance of residuals (reduced chisquare) = WSSR/ndf   : 1.8407e-08

Final set of parameters            Asymptotic Standard Error
=======================            ==========================

sin_off         = 0.00203574       +/- 3.633e-06    (0.1785%)
sin_amp         = -0.0146921       +/- 5.371e-06    (0.03656%)
sin_fr          = 467.776          +/- 0.07919      (0.01693%)
sin_ph          = 1.63815          +/- 0.0008406    (0.05131%)


correlation matrix of the fit parameters:

               sin_of sin_am sin_fr sin_ph 
sin_off         1.000 
sin_amp        -0.011  1.000 
sin_fr          0.036 -0.225  1.000 
sin_ph         -0.056  0.203 -0.913  1.000 
