

*******************************************************************************
Wed Sep 15 10:06:04 2010


FIT:    data read from '2.tab' u 1:2
        format = x:z
	y range restricted to [0.00280000 : 0.0168000]
        #datapoints = 1401
        residuals are weighted equally (unit weight)

function used for fitting: f(x)
fitted parameters initialized with current variable values



 Iteration 0
 WSSR        : 5961.29           delta(WSSR)/WSSR   : 0
 delta(WSSR) : 0                 limit for stopping : 1e-05
 lambda	  : 0.707147

initial set of free parameter values

a               = 1
b               = 1

After 5 iterations the fit converged.
final sum of squares of residuals : 0.239501
rel. change during last iteration : -7.46325e-13

degrees of freedom    (FIT_NDF)                        : 1399
rms of residuals      (FIT_STDFIT) = sqrt(WSSR/ndf)    : 0.0130841
variance of residuals (reduced chisquare) = WSSR/ndf   : 0.000171195

Final set of parameters            Asymptotic Standard Error
=======================            ==========================

a               = 343.848          +/- 0.08643      (0.02514%)
b               = -0.832753        +/- 0.0009163    (0.11%)


correlation matrix of the fit parameters:

               a      b      
a               1.000 
b              -0.924  1.000 


*******************************************************************************
Wed Sep 15 10:06:04 2010


FIT:    data read from '2.tab' u 1:3
        format = x:z
	y range restricted to [0.00280000 : 0.0168000]
        #datapoints = 1401
        residuals are weighted equally (unit weight)

function used for fitting: s(x)
fitted parameters initialized with current variable values



 Iteration 0
 WSSR        : 2179.48           delta(WSSR)/WSSR   : 0
 delta(WSSR) : 0                 limit for stopping : 1e-05
 lambda	  : 0.707119

initial set of free parameter values

sin_off         = 1
sin_amp         = 1
sin_fr          = 467
sin_ph          = 1

After 6 iterations the fit converged.
final sum of squares of residuals : 2.50358e-05
rel. change during last iteration : -2.78193e-07

degrees of freedom    (FIT_NDF)                        : 1397
rms of residuals      (FIT_STDFIT) = sqrt(WSSR/ndf)    : 0.00013387
variance of residuals (reduced chisquare) = WSSR/ndf   : 1.79211e-08

Final set of parameters            Asymptotic Standard Error
=======================            ==========================

sin_off         = 0.00199604       +/- 3.585e-06    (0.1796%)
sin_amp         = -0.0146058       +/- 5.299e-06    (0.03628%)
sin_fr          = 467.484          +/- 0.07867      (0.01683%)
sin_ph          = 1.63615          +/- 0.0008343    (0.05099%)


correlation matrix of the fit parameters:

               sin_of sin_am sin_fr sin_ph 
sin_off         1.000 
sin_amp        -0.012  1.000 
sin_fr          0.039 -0.226  1.000 
sin_ph         -0.059  0.204 -0.913  1.000 
